[40m[32minfo[39m[22m[49m: Microsoft.Hosting.Lifetime[0]
      Now listening on: http://localhost:5000
[40m[32minfo[39m[22m[49m: Microsoft.Hosting.Lifetime[0]
      Now listening on: https://localhost:5001
[40m[32minfo[39m[22m[49m: Microsoft.Hosting.Lifetime[0]
      Application started. Press Ctrl+C to shut down.
[40m[32minfo[39m[22m[49m: Microsoft.Hosting.Lifetime[0]
      Hosting environment: Production
[40m[32minfo[39m[22m[49m: Microsoft.Hosting.Lifetime[0]
      Content root path: /home/michal-atlas/source/co.michal-atlas.www/daemon_matrix/DaemonAPI/bin/Debug/net5.0
yarn run v1.22.10
$ react-scripts start
[34mℹ[39m [90m｢wds｣[39m: Project is running at http://192.168.0.100/
[34mℹ[39m [90m｢wds｣[39m: webpack output is served from 
[34mℹ[39m [90m｢wds｣[39m: Content not from webpack is served from /home/michal-atlas/source/co.michal-atlas.www/daemon_matrix/daemon_web/public
[34mℹ[39m [90m｢wds｣[39m: 404s will fallback to /
Starting the development server...

Compiled with warnings.

src/App.tsx
  Line 2:8:  'TagDisplay' is defined but never used  @typescript-eslint/no-unused-vars
  Line 3:9:  'TagSideBar' is defined but never used  @typescript-eslint/no-unused-vars

src/Components/PixCard.tsx
  Line 21:8:   React Hook React.useEffect has a missing dependency: 'picture.id'. Either include it or remove the dependency array        react-hooks/exhaustive-deps
  Line 27:6:   React Hook React.useEffect has a missing dependency: 'props.picBare.id'. Either include it or remove the dependency array  react-hooks/exhaustive-deps
  Line 45:42:  Expected '!==' and instead saw '!='                                                                                        eqeqeq

Search for the keywords to learn more about each warning.
To ignore, add // eslint-disable-next-line to the line before.

./daemon-web.sh: line 4: 172302 Hangup                  yarn run start
[40m[32minfo[39m[22m[49m: Microsoft.Hosting.Lifetime[0]
      Application is shutting down...
